{"/media/sathira/DE18E8D318E8AC29/accedemic/accedemic_latest/project/e16-3yp-smart-payment-system/Backends/Local Server/src/config/index.js": {"path":"/media/sathira/DE18E8D318E8AC29/accedemic/accedemic_latest/project/e16-3yp-smart-payment-system/Backends/Local Server/src/config/index.js","statementMap":{"0":{"start":{"line":1,"column":0},"end":{"line":1,"column":24}},"1":{"start":{"line":3,"column":0},"end":{"line":18,"column":1}}},"fnMap":{},"branchMap":{},"s":{"0":3,"1":3},"f":{},"b":{},"_coverageSchema":"1a1c01bbd47fc00a2c39e90264f33305004495a9","hash":"9d4c3ae4e1cd90270f23d0ab50e13e17866430f4"}
,"/media/sathira/DE18E8D318E8AC29/accedemic/accedemic_latest/project/e16-3yp-smart-payment-system/Backends/Local Server/src/controllers/auth.controller.js": {"path":"/media/sathira/DE18E8D318E8AC29/accedemic/accedemic_latest/project/e16-3yp-smart-payment-system/Backends/Local Server/src/controllers/auth.controller.js","statementMap":{"0":{"start":{"line":3,"column":15},"end":{"line":3,"column":35}},"1":{"start":{"line":4,"column":15},"end":{"line":4,"column":32}},"2":{"start":{"line":5,"column":15},"end":{"line":5,"column":39}},"3":{"start":{"line":6,"column":19},"end":{"line":6,"column":41}},"4":{"start":{"line":7,"column":12},"end":{"line":7,"column":35}},"5":{"start":{"line":8,"column":13},"end":{"line":8,"column":44}},"6":{"start":{"line":11,"column":0},"end":{"line":53,"column":1}},"7":{"start":{"line":12,"column":2},"end":{"line":52,"column":3}},"8":{"start":{"line":13,"column":26},"end":{"line":13,"column":34}},"9":{"start":{"line":14,"column":16},"end":{"line":14,"column":50}},"10":{"start":{"line":17,"column":20},"end":{"line":25,"column":5}},"11":{"start":{"line":28,"column":4},"end":{"line":48,"column":6}},"12":{"start":{"line":29,"column":8},"end":{"line":47,"column":9}},"13":{"start":{"line":30,"column":10},"end":{"line":30,"column":80}},"14":{"start":{"line":31,"column":14},"end":{"line":47,"column":9}},"15":{"start":{"line":32,"column":10},"end":{"line":44,"column":12}},"16":{"start":{"line":34,"column":12},"end":{"line":43,"column":13}},"17":{"start":{"line":35,"column":14},"end":{"line":35,"column":120}},"18":{"start":{"line":38,"column":14},"end":{"line":42,"column":86}},"19":{"start":{"line":39,"column":16},"end":{"line":39,"column":106}},"20":{"start":{"line":42,"column":16},"end":{"line":42,"column":86}},"21":{"start":{"line":46,"column":10},"end":{"line":46,"column":100}},"22":{"start":{"line":51,"column":3},"end":{"line":51,"column":19}},"23":{"start":{"line":56,"column":0},"end":{"line":93,"column":1}},"24":{"start":{"line":57,"column":2},"end":{"line":92,"column":3}},"25":{"start":{"line":59,"column":4},"end":{"line":89,"column":6}},"26":{"start":{"line":61,"column":6},"end":{"line":88,"column":7}},"27":{"start":{"line":62,"column":8},"end":{"line":62,"column":78}},"28":{"start":{"line":65,"column":8},"end":{"line":87,"column":9}},"29":{"start":{"line":66,"column":10},"end":{"line":66,"column":102}},"30":{"start":{"line":69,"column":10},"end":{"line":86,"column":11}},"31":{"start":{"line":70,"column":12},"end":{"line":70,"column":97}},"32":{"start":{"line":74,"column":12},"end":{"line":85,"column":13}},"33":{"start":{"line":75,"column":14},"end":{"line":75,"column":123}},"34":{"start":{"line":78,"column":27},"end":{"line":82,"column":15}},"35":{"start":{"line":83,"column":28},"end":{"line":83,"column":57}},"36":{"start":{"line":84,"column":14},"end":{"line":84,"column":68}},"37":{"start":{"line":91,"column":4},"end":{"line":91,"column":20}},"38":{"start":{"line":96,"column":0},"end":{"line":105,"column":1}},"39":{"start":{"line":97,"column":2},"end":{"line":104,"column":3}},"40":{"start":{"line":98,"column":4},"end":{"line":101,"column":93}},"41":{"start":{"line":99,"column":6},"end":{"line":99,"column":71}},"42":{"start":{"line":101,"column":6},"end":{"line":101,"column":93}},"43":{"start":{"line":103,"column":4},"end":{"line":103,"column":20}},"44":{"start":{"line":108,"column":0},"end":{"line":114,"column":1}},"45":{"start":{"line":109,"column":2},"end":{"line":113,"column":3}},"46":{"start":{"line":110,"column":4},"end":{"line":110,"column":74}},"47":{"start":{"line":112,"column":4},"end":{"line":112,"column":20}}},"fnMap":{"0":{"name":"(anonymous_0)","decl":{"start":{"line":11,"column":19},"end":{"line":11,"column":20}},"loc":{"start":{"line":11,"column":45},"end":{"line":53,"column":1}},"line":11},"1":{"name":"(anonymous_1)","decl":{"start":{"line":28,"column":38},"end":{"line":28,"column":39}},"loc":{"start":{"line":28,"column":58},"end":{"line":48,"column":5}},"line":28},"2":{"name":"(anonymous_2)","decl":{"start":{"line":32,"column":42},"end":{"line":32,"column":43}},"loc":{"start":{"line":32,"column":51},"end":{"line":44,"column":11}},"line":32},"3":{"name":"(anonymous_3)","decl":{"start":{"line":56,"column":16},"end":{"line":56,"column":17}},"loc":{"start":{"line":56,"column":42},"end":{"line":93,"column":1}},"line":56},"4":{"name":"(anonymous_4)","decl":{"start":{"line":59,"column":40},"end":{"line":59,"column":41}},"loc":{"start":{"line":59,"column":57},"end":{"line":89,"column":5}},"line":59},"5":{"name":"(anonymous_5)","decl":{"start":{"line":96,"column":18},"end":{"line":96,"column":19}},"loc":{"start":{"line":96,"column":44},"end":{"line":105,"column":1}},"line":96},"6":{"name":"(anonymous_6)","decl":{"start":{"line":108,"column":17},"end":{"line":108,"column":18}},"loc":{"start":{"line":108,"column":43},"end":{"line":114,"column":1}},"line":108}},"branchMap":{"0":{"loc":{"start":{"line":29,"column":8},"end":{"line":47,"column":9}},"type":"if","locations":[{"start":{"line":29,"column":8},"end":{"line":47,"column":9}},{"start":{"line":29,"column":8},"end":{"line":47,"column":9}}],"line":29},"1":{"loc":{"start":{"line":31,"column":14},"end":{"line":47,"column":9}},"type":"if","locations":[{"start":{"line":31,"column":14},"end":{"line":47,"column":9}},{"start":{"line":31,"column":14},"end":{"line":47,"column":9}}],"line":31},"2":{"loc":{"start":{"line":34,"column":12},"end":{"line":43,"column":13}},"type":"if","locations":[{"start":{"line":34,"column":12},"end":{"line":43,"column":13}},{"start":{"line":34,"column":12},"end":{"line":43,"column":13}}],"line":34},"3":{"loc":{"start":{"line":38,"column":14},"end":{"line":42,"column":86}},"type":"if","locations":[{"start":{"line":38,"column":14},"end":{"line":42,"column":86}},{"start":{"line":38,"column":14},"end":{"line":42,"column":86}}],"line":38},"4":{"loc":{"start":{"line":61,"column":6},"end":{"line":88,"column":7}},"type":"if","locations":[{"start":{"line":61,"column":6},"end":{"line":88,"column":7}},{"start":{"line":61,"column":6},"end":{"line":88,"column":7}}],"line":61},"5":{"loc":{"start":{"line":65,"column":8},"end":{"line":87,"column":9}},"type":"if","locations":[{"start":{"line":65,"column":8},"end":{"line":87,"column":9}},{"start":{"line":65,"column":8},"end":{"line":87,"column":9}}],"line":65},"6":{"loc":{"start":{"line":69,"column":10},"end":{"line":86,"column":11}},"type":"if","locations":[{"start":{"line":69,"column":10},"end":{"line":86,"column":11}},{"start":{"line":69,"column":10},"end":{"line":86,"column":11}}],"line":69},"7":{"loc":{"start":{"line":74,"column":12},"end":{"line":85,"column":13}},"type":"if","locations":[{"start":{"line":74,"column":12},"end":{"line":85,"column":13}},{"start":{"line":74,"column":12},"end":{"line":85,"column":13}}],"line":74},"8":{"loc":{"start":{"line":98,"column":4},"end":{"line":101,"column":93}},"type":"if","locations":[{"start":{"line":98,"column":4},"end":{"line":101,"column":93}},{"start":{"line":98,"column":4},"end":{"line":101,"column":93}}],"line":98}},"s":{"0":2,"1":2,"2":2,"3":2,"4":2,"5":2,"6":2,"7":0,"8":0,"9":0,"10":0,"11":0,"12":0,"13":0,"14":0,"15":0,"16":0,"17":0,"18":0,"19":0,"20":0,"21":0,"22":0,"23":2,"24":0,"25":0,"26":0,"27":0,"28":0,"29":0,"30":0,"31":0,"32":0,"33":0,"34":0,"35":0,"36":0,"37":0,"38":2,"39":0,"40":0,"41":0,"42":0,"43":0,"44":2,"45":0,"46":0,"47":0},"f":{"0":0,"1":0,"2":0,"3":0,"4":0,"5":0,"6":0},"b":{"0":[0,0],"1":[0,0],"2":[0,0],"3":[0,0],"4":[0,0],"5":[0,0],"6":[0,0],"7":[0,0],"8":[0,0]},"_coverageSchema":"1a1c01bbd47fc00a2c39e90264f33305004495a9","hash":"00bf26ba7571b30f156a41993abc3fbc1051ab21"}
,"/media/sathira/DE18E8D318E8AC29/accedemic/accedemic_latest/project/e16-3yp-smart-payment-system/Backends/Local Server/src/controllers/card.controller.js": {"path":"/media/sathira/DE18E8D318E8AC29/accedemic/accedemic_latest/project/e16-3yp-smart-payment-system/Backends/Local Server/src/controllers/card.controller.js","statementMap":{"0":{"start":{"line":3,"column":15},"end":{"line":3,"column":35}},"1":{"start":{"line":4,"column":15},"end":{"line":4,"column":32}},"2":{"start":{"line":5,"column":19},"end":{"line":5,"column":41}},"3":{"start":{"line":6,"column":13},"end":{"line":6,"column":48}},"4":{"start":{"line":9,"column":0},"end":{"line":32,"column":1}},"5":{"start":{"line":10,"column":2},"end":{"line":31,"column":3}},"6":{"start":{"line":11,"column":20},"end":{"line":13,"column":5}},"7":{"start":{"line":16,"column":4},"end":{"line":28,"column":6}},"8":{"start":{"line":18,"column":6},"end":{"line":27,"column":7}},"9":{"start":{"line":19,"column":8},"end":{"line":19,"column":103}},"10":{"start":{"line":22,"column":8},"end":{"line":26,"column":80}},"11":{"start":{"line":23,"column":10},"end":{"line":23,"column":106}},"12":{"start":{"line":26,"column":10},"end":{"line":26,"column":80}},"13":{"start":{"line":30,"column":3},"end":{"line":30,"column":19}},"14":{"start":{"line":35,"column":0},"end":{"line":55,"column":1}},"15":{"start":{"line":36,"column":2},"end":{"line":54,"column":3}},"16":{"start":{"line":37,"column":20},"end":{"line":40,"column":5}},"17":{"start":{"line":43,"column":4},"end":{"line":51,"column":6}},"18":{"start":{"line":45,"column":6},"end":{"line":50,"column":7}},"19":{"start":{"line":46,"column":8},"end":{"line":46,"column":109}},"20":{"start":{"line":49,"column":8},"end":{"line":49,"column":78}},"21":{"start":{"line":53,"column":3},"end":{"line":53,"column":19}},"22":{"start":{"line":57,"column":0},"end":{"line":74,"column":1}},"23":{"start":{"line":58,"column":2},"end":{"line":73,"column":3}},"24":{"start":{"line":59,"column":20},"end":{"line":61,"column":5}},"25":{"start":{"line":62,"column":4},"end":{"line":70,"column":6}},"26":{"start":{"line":63,"column":6},"end":{"line":69,"column":7}},"27":{"start":{"line":64,"column":8},"end":{"line":64,"column":109}},"28":{"start":{"line":65,"column":12},"end":{"line":69,"column":7}},"29":{"start":{"line":66,"column":8},"end":{"line":66,"column":68}},"30":{"start":{"line":68,"column":8},"end":{"line":68,"column":78}},"31":{"start":{"line":76,"column":0},"end":{"line":118,"column":1}},"32":{"start":{"line":77,"column":2},"end":{"line":117,"column":3}},"33":{"start":{"line":78,"column":20},"end":{"line":87,"column":5}},"34":{"start":{"line":89,"column":4},"end":{"line":113,"column":6}},"35":{"start":{"line":90,"column":6},"end":{"line":112,"column":7}},"36":{"start":{"line":92,"column":8},"end":{"line":105,"column":10}},"37":{"start":{"line":93,"column":10},"end":{"line":104,"column":11}},"38":{"start":{"line":94,"column":12},"end":{"line":100,"column":13}},"39":{"start":{"line":95,"column":14},"end":{"line":99,"column":15}},"40":{"start":{"line":96,"column":16},"end":{"line":96,"column":128}},"41":{"start":{"line":98,"column":15},"end":{"line":98,"column":125}},"42":{"start":{"line":103,"column":14},"end":{"line":103,"column":84}},"43":{"start":{"line":107,"column":8},"end":{"line":111,"column":9}},"44":{"start":{"line":108,"column":10},"end":{"line":108,"column":106}},"45":{"start":{"line":110,"column":10},"end":{"line":110,"column":80}},"46":{"start":{"line":116,"column":4},"end":{"line":116,"column":20}},"47":{"start":{"line":120,"column":0},"end":{"line":188,"column":1}},"48":{"start":{"line":121,"column":3},"end":{"line":187,"column":4}},"49":{"start":{"line":122,"column":20},"end":{"line":126,"column":5}},"50":{"start":{"line":128,"column":4},"end":{"line":178,"column":6}},"51":{"start":{"line":129,"column":6},"end":{"line":177,"column":7}},"52":{"start":{"line":130,"column":24},"end":{"line":130,"column":30}},"53":{"start":{"line":131,"column":8},"end":{"line":169,"column":10}},"54":{"start":{"line":132,"column":10},"end":{"line":168,"column":11}},"55":{"start":{"line":134,"column":26},"end":{"line":134,"column":32}},"56":{"start":{"line":135,"column":12},"end":{"line":135,"column":31}},"57":{"start":{"line":136,"column":12},"end":{"line":136,"column":33}},"58":{"start":{"line":137,"column":12},"end":{"line":166,"column":13}},"59":{"start":{"line":138,"column":31},"end":{"line":138,"column":69}},"60":{"start":{"line":139,"column":33},"end":{"line":142,"column":15}},"61":{"start":{"line":143,"column":14},"end":{"line":161,"column":16}},"62":{"start":{"line":144,"column":17},"end":{"line":160,"column":18}},"63":{"start":{"line":146,"column":30},"end":{"line":149,"column":19}},"64":{"start":{"line":150,"column":18},"end":{"line":156,"column":20}},"65":{"start":{"line":151,"column":21},"end":{"line":155,"column":22}},"66":{"start":{"line":152,"column":23},"end":{"line":152,"column":129}},"67":{"start":{"line":154,"column":22},"end":{"line":154,"column":163}},"68":{"start":{"line":158,"column":18},"end":{"line":158,"column":42}},"69":{"start":{"line":159,"column":18},"end":{"line":159,"column":159}},"70":{"start":{"line":164,"column":14},"end":{"line":164,"column":44}},"71":{"start":{"line":165,"column":14},"end":{"line":165,"column":149}},"72":{"start":{"line":172,"column":8},"end":{"line":176,"column":80}},"73":{"start":{"line":173,"column":10},"end":{"line":173,"column":131}},"74":{"start":{"line":176,"column":10},"end":{"line":176,"column":80}},"75":{"start":{"line":185,"column":5},"end":{"line":185,"column":21}},"76":{"start":{"line":186,"column":5},"end":{"line":186,"column":14}}},"fnMap":{"0":{"name":"(anonymous_0)","decl":{"start":{"line":9,"column":18},"end":{"line":9,"column":19}},"loc":{"start":{"line":9,"column":44},"end":{"line":32,"column":1}},"line":9},"1":{"name":"(anonymous_1)","decl":{"start":{"line":16,"column":35},"end":{"line":16,"column":36}},"loc":{"start":{"line":16,"column":44},"end":{"line":28,"column":5}},"line":16},"2":{"name":"(anonymous_2)","decl":{"start":{"line":35,"column":21},"end":{"line":35,"column":22}},"loc":{"start":{"line":35,"column":47},"end":{"line":55,"column":1}},"line":35},"3":{"name":"(anonymous_3)","decl":{"start":{"line":43,"column":37},"end":{"line":43,"column":38}},"loc":{"start":{"line":43,"column":46},"end":{"line":51,"column":5}},"line":43},"4":{"name":"(anonymous_4)","decl":{"start":{"line":57,"column":21},"end":{"line":57,"column":22}},"loc":{"start":{"line":57,"column":43},"end":{"line":74,"column":1}},"line":57},"5":{"name":"(anonymous_5)","decl":{"start":{"line":62,"column":37},"end":{"line":62,"column":38}},"loc":{"start":{"line":62,"column":44},"end":{"line":70,"column":5}},"line":62},"6":{"name":"(anonymous_6)","decl":{"start":{"line":76,"column":20},"end":{"line":76,"column":21}},"loc":{"start":{"line":76,"column":41},"end":{"line":118,"column":1}},"line":76},"7":{"name":"(anonymous_7)","decl":{"start":{"line":89,"column":34},"end":{"line":89,"column":35}},"loc":{"start":{"line":89,"column":47},"end":{"line":113,"column":5}},"line":89},"8":{"name":"(anonymous_8)","decl":{"start":{"line":92,"column":41},"end":{"line":92,"column":42}},"loc":{"start":{"line":92,"column":54},"end":{"line":105,"column":9}},"line":92},"9":{"name":"(anonymous_9)","decl":{"start":{"line":94,"column":46},"end":{"line":94,"column":47}},"loc":{"start":{"line":94,"column":58},"end":{"line":100,"column":12}},"line":94},"10":{"name":"(anonymous_10)","decl":{"start":{"line":120,"column":19},"end":{"line":120,"column":20}},"loc":{"start":{"line":120,"column":41},"end":{"line":188,"column":1}},"line":120},"11":{"name":"(anonymous_11)","decl":{"start":{"line":128,"column":37},"end":{"line":128,"column":38}},"loc":{"start":{"line":128,"column":57},"end":{"line":178,"column":5}},"line":128},"12":{"name":"(anonymous_12)","decl":{"start":{"line":131,"column":42},"end":{"line":131,"column":43}},"loc":{"start":{"line":131,"column":62},"end":{"line":169,"column":9}},"line":131},"13":{"name":"(anonymous_13)","decl":{"start":{"line":143,"column":61},"end":{"line":143,"column":62}},"loc":{"start":{"line":143,"column":74},"end":{"line":161,"column":15}},"line":143},"14":{"name":"(anonymous_14)","decl":{"start":{"line":150,"column":43},"end":{"line":150,"column":44}},"loc":{"start":{"line":150,"column":55},"end":{"line":156,"column":19}},"line":150}},"branchMap":{"0":{"loc":{"start":{"line":18,"column":6},"end":{"line":27,"column":7}},"type":"if","locations":[{"start":{"line":18,"column":6},"end":{"line":27,"column":7}},{"start":{"line":18,"column":6},"end":{"line":27,"column":7}}],"line":18},"1":{"loc":{"start":{"line":22,"column":8},"end":{"line":26,"column":80}},"type":"if","locations":[{"start":{"line":22,"column":8},"end":{"line":26,"column":80}},{"start":{"line":22,"column":8},"end":{"line":26,"column":80}}],"line":22},"2":{"loc":{"start":{"line":45,"column":6},"end":{"line":50,"column":7}},"type":"if","locations":[{"start":{"line":45,"column":6},"end":{"line":50,"column":7}},{"start":{"line":45,"column":6},"end":{"line":50,"column":7}}],"line":45},"3":{"loc":{"start":{"line":63,"column":6},"end":{"line":69,"column":7}},"type":"if","locations":[{"start":{"line":63,"column":6},"end":{"line":69,"column":7}},{"start":{"line":63,"column":6},"end":{"line":69,"column":7}}],"line":63},"4":{"loc":{"start":{"line":65,"column":12},"end":{"line":69,"column":7}},"type":"if","locations":[{"start":{"line":65,"column":12},"end":{"line":69,"column":7}},{"start":{"line":65,"column":12},"end":{"line":69,"column":7}}],"line":65},"5":{"loc":{"start":{"line":90,"column":6},"end":{"line":112,"column":7}},"type":"if","locations":[{"start":{"line":90,"column":6},"end":{"line":112,"column":7}},{"start":{"line":90,"column":6},"end":{"line":112,"column":7}}],"line":90},"6":{"loc":{"start":{"line":93,"column":10},"end":{"line":104,"column":11}},"type":"if","locations":[{"start":{"line":93,"column":10},"end":{"line":104,"column":11}},{"start":{"line":93,"column":10},"end":{"line":104,"column":11}}],"line":93},"7":{"loc":{"start":{"line":95,"column":14},"end":{"line":99,"column":15}},"type":"if","locations":[{"start":{"line":95,"column":14},"end":{"line":99,"column":15}},{"start":{"line":95,"column":14},"end":{"line":99,"column":15}}],"line":95},"8":{"loc":{"start":{"line":107,"column":8},"end":{"line":111,"column":9}},"type":"if","locations":[{"start":{"line":107,"column":8},"end":{"line":111,"column":9}},{"start":{"line":107,"column":8},"end":{"line":111,"column":9}}],"line":107},"9":{"loc":{"start":{"line":129,"column":6},"end":{"line":177,"column":7}},"type":"if","locations":[{"start":{"line":129,"column":6},"end":{"line":177,"column":7}},{"start":{"line":129,"column":6},"end":{"line":177,"column":7}}],"line":129},"10":{"loc":{"start":{"line":132,"column":10},"end":{"line":168,"column":11}},"type":"if","locations":[{"start":{"line":132,"column":10},"end":{"line":168,"column":11}},{"start":{"line":132,"column":10},"end":{"line":168,"column":11}}],"line":132},"11":{"loc":{"start":{"line":137,"column":12},"end":{"line":166,"column":13}},"type":"if","locations":[{"start":{"line":137,"column":12},"end":{"line":166,"column":13}},{"start":{"line":137,"column":12},"end":{"line":166,"column":13}}],"line":137},"12":{"loc":{"start":{"line":144,"column":17},"end":{"line":160,"column":18}},"type":"if","locations":[{"start":{"line":144,"column":17},"end":{"line":160,"column":18}},{"start":{"line":144,"column":17},"end":{"line":160,"column":18}}],"line":144},"13":{"loc":{"start":{"line":151,"column":21},"end":{"line":155,"column":22}},"type":"if","locations":[{"start":{"line":151,"column":21},"end":{"line":155,"column":22}},{"start":{"line":151,"column":21},"end":{"line":155,"column":22}}],"line":151},"14":{"loc":{"start":{"line":172,"column":8},"end":{"line":176,"column":80}},"type":"if","locations":[{"start":{"line":172,"column":8},"end":{"line":176,"column":80}},{"start":{"line":172,"column":8},"end":{"line":176,"column":80}}],"line":172}},"s":{"0":2,"1":2,"2":2,"3":2,"4":2,"5":0,"6":0,"7":0,"8":0,"9":0,"10":0,"11":0,"12":0,"13":0,"14":2,"15":0,"16":0,"17":0,"18":0,"19":0,"20":0,"21":0,"22":2,"23":0,"24":0,"25":0,"26":0,"27":0,"28":0,"29":0,"30":0,"31":2,"32":0,"33":0,"34":0,"35":0,"36":0,"37":0,"38":0,"39":0,"40":0,"41":0,"42":0,"43":0,"44":0,"45":0,"46":0,"47":2,"48":0,"49":0,"50":0,"51":0,"52":0,"53":0,"54":0,"55":0,"56":0,"57":0,"58":0,"59":0,"60":0,"61":0,"62":0,"63":0,"64":0,"65":0,"66":0,"67":0,"68":0,"69":0,"70":0,"71":0,"72":0,"73":0,"74":0,"75":0,"76":0},"f":{"0":0,"1":0,"2":0,"3":0,"4":0,"5":0,"6":0,"7":0,"8":0,"9":0,"10":0,"11":0,"12":0,"13":0,"14":0},"b":{"0":[0,0],"1":[0,0],"2":[0,0],"3":[0,0],"4":[0,0],"5":[0,0],"6":[0,0],"7":[0,0],"8":[0,0],"9":[0,0],"10":[0,0],"11":[0,0],"12":[0,0],"13":[0,0],"14":[0,0]},"_coverageSchema":"1a1c01bbd47fc00a2c39e90264f33305004495a9","hash":"84cb9e258525fe672bda926607ef6d05227832c1"}
,"/media/sathira/DE18E8D318E8AC29/accedemic/accedemic_latest/project/e16-3yp-smart-payment-system/Backends/Local Server/src/middlewares/authorization.js": {"path":"/media/sathira/DE18E8D318E8AC29/accedemic/accedemic_latest/project/e16-3yp-smart-payment-system/Backends/Local Server/src/middlewares/authorization.js","statementMap":{"0":{"start":{"line":1,"column":19},"end":{"line":1,"column":41}},"1":{"start":{"line":2,"column":15},"end":{"line":2,"column":35}},"2":{"start":{"line":3,"column":12},"end":{"line":3,"column":35}},"3":{"start":{"line":5,"column":0},"end":{"line":39,"column":1}},"4":{"start":{"line":6,"column":1},"end":{"line":37,"column":2}},"5":{"start":{"line":8,"column":24},"end":{"line":8,"column":49}},"6":{"start":{"line":11,"column":2},"end":{"line":33,"column":3}},"7":{"start":{"line":13,"column":19},"end":{"line":13,"column":43}},"8":{"start":{"line":15,"column":24},"end":{"line":15,"column":34}},"9":{"start":{"line":18,"column":3},"end":{"line":29,"column":5}},"10":{"start":{"line":19,"column":4},"end":{"line":28,"column":5}},"11":{"start":{"line":20,"column":5},"end":{"line":20,"column":95}},"12":{"start":{"line":22,"column":5},"end":{"line":26,"column":6}},"13":{"start":{"line":27,"column":5},"end":{"line":27,"column":18}},"14":{"start":{"line":32,"column":3},"end":{"line":32,"column":83}},"15":{"start":{"line":36,"column":2},"end":{"line":36,"column":97}},"16":{"start":{"line":41,"column":0},"end":{"line":73,"column":1}},"17":{"start":{"line":42,"column":1},"end":{"line":71,"column":2}},"18":{"start":{"line":44,"column":24},"end":{"line":44,"column":49}},"19":{"start":{"line":47,"column":2},"end":{"line":67,"column":3}},"20":{"start":{"line":49,"column":19},"end":{"line":49,"column":43}},"21":{"start":{"line":51,"column":24},"end":{"line":51,"column":34}},"22":{"start":{"line":54,"column":3},"end":{"line":63,"column":5}},"23":{"start":{"line":55,"column":4},"end":{"line":62,"column":5}},"24":{"start":{"line":56,"column":5},"end":{"line":56,"column":95}},"25":{"start":{"line":58,"column":5},"end":{"line":61,"column":19}},"26":{"start":{"line":59,"column":6},"end":{"line":59,"column":93}},"27":{"start":{"line":61,"column":6},"end":{"line":61,"column":19}},"28":{"start":{"line":66,"column":3},"end":{"line":66,"column":83}},"29":{"start":{"line":70,"column":2},"end":{"line":70,"column":97}}},"fnMap":{"0":{"name":"(anonymous_0)","decl":{"start":{"line":5,"column":19},"end":{"line":5,"column":20}},"loc":{"start":{"line":5,"column":45},"end":{"line":39,"column":1}},"line":5},"1":{"name":"(anonymous_1)","decl":{"start":{"line":18,"column":43},"end":{"line":18,"column":44}},"loc":{"start":{"line":18,"column":61},"end":{"line":29,"column":4}},"line":18},"2":{"name":"(anonymous_2)","decl":{"start":{"line":41,"column":16},"end":{"line":41,"column":17}},"loc":{"start":{"line":41,"column":49},"end":{"line":73,"column":1}},"line":41},"3":{"name":"(anonymous_3)","decl":{"start":{"line":54,"column":43},"end":{"line":54,"column":44}},"loc":{"start":{"line":54,"column":61},"end":{"line":63,"column":4}},"line":54}},"branchMap":{"0":{"loc":{"start":{"line":11,"column":2},"end":{"line":33,"column":3}},"type":"if","locations":[{"start":{"line":11,"column":2},"end":{"line":33,"column":3}},{"start":{"line":11,"column":2},"end":{"line":33,"column":3}}],"line":11},"1":{"loc":{"start":{"line":19,"column":4},"end":{"line":28,"column":5}},"type":"if","locations":[{"start":{"line":19,"column":4},"end":{"line":28,"column":5}},{"start":{"line":19,"column":4},"end":{"line":28,"column":5}}],"line":19},"2":{"loc":{"start":{"line":47,"column":2},"end":{"line":67,"column":3}},"type":"if","locations":[{"start":{"line":47,"column":2},"end":{"line":67,"column":3}},{"start":{"line":47,"column":2},"end":{"line":67,"column":3}}],"line":47},"3":{"loc":{"start":{"line":55,"column":4},"end":{"line":62,"column":5}},"type":"if","locations":[{"start":{"line":55,"column":4},"end":{"line":62,"column":5}},{"start":{"line":55,"column":4},"end":{"line":62,"column":5}}],"line":55},"4":{"loc":{"start":{"line":58,"column":5},"end":{"line":61,"column":19}},"type":"if","locations":[{"start":{"line":58,"column":5},"end":{"line":61,"column":19}},{"start":{"line":58,"column":5},"end":{"line":61,"column":19}}],"line":58}},"s":{"0":1,"1":1,"2":1,"3":1,"4":0,"5":0,"6":0,"7":0,"8":0,"9":0,"10":0,"11":0,"12":0,"13":0,"14":0,"15":0,"16":1,"17":0,"18":0,"19":0,"20":0,"21":0,"22":0,"23":0,"24":0,"25":0,"26":0,"27":0,"28":0,"29":0},"f":{"0":0,"1":0,"2":0,"3":0},"b":{"0":[0,0],"1":[0,0],"2":[0,0],"3":[0,0],"4":[0,0]},"_coverageSchema":"1a1c01bbd47fc00a2c39e90264f33305004495a9","hash":"867d2a4807815a757aee71f1ba868a60949d3915"}
,"/media/sathira/DE18E8D318E8AC29/accedemic/accedemic_latest/project/e16-3yp-smart-payment-system/Backends/Local Server/src/models/rfidCard.model.js": {"path":"/media/sathira/DE18E8D318E8AC29/accedemic/accedemic_latest/project/e16-3yp-smart-payment-system/Backends/Local Server/src/models/rfidCard.model.js","statementMap":{"0":{"start":{"line":3,"column":15},"end":{"line":3,"column":43}},"1":{"start":{"line":5,"column":0},"end":{"line":24,"column":1}},"2":{"start":{"line":6,"column":2},"end":{"line":23,"column":3}},"3":{"start":{"line":8,"column":25},"end":{"line":8,"column":79}},"4":{"start":{"line":11,"column":4},"end":{"line":22,"column":6}},"5":{"start":{"line":12,"column":6},"end":{"line":21,"column":7}},"6":{"start":{"line":13,"column":8},"end":{"line":14,"column":59}},"7":{"start":{"line":14,"column":10},"end":{"line":14,"column":59}},"8":{"start":{"line":16,"column":8},"end":{"line":16,"column":26}},"9":{"start":{"line":19,"column":8},"end":{"line":19,"column":27}},"10":{"start":{"line":20,"column":8},"end":{"line":20,"column":22}},"11":{"start":{"line":26,"column":0},"end":{"line":49,"column":1}},"12":{"start":{"line":27,"column":2},"end":{"line":48,"column":3}},"13":{"start":{"line":29,"column":4},"end":{"line":29,"column":21}},"14":{"start":{"line":30,"column":27},"end":{"line":30,"column":215}},"15":{"start":{"line":33,"column":4},"end":{"line":47,"column":6}},"16":{"start":{"line":34,"column":6},"end":{"line":34,"column":27}},"17":{"start":{"line":35,"column":6},"end":{"line":46,"column":7}},"18":{"start":{"line":36,"column":8},"end":{"line":36,"column":57}},"19":{"start":{"line":37,"column":4},"end":{"line":37,"column":22}},"20":{"start":{"line":39,"column":8},"end":{"line":45,"column":5}},"21":{"start":{"line":40,"column":5},"end":{"line":40,"column":66}},"22":{"start":{"line":41,"column":5},"end":{"line":41,"column":19}},"23":{"start":{"line":44,"column":5},"end":{"line":44,"column":35}},"24":{"start":{"line":51,"column":0},"end":{"line":65,"column":1}},"25":{"start":{"line":52,"column":2},"end":{"line":64,"column":3}},"26":{"start":{"line":53,"column":30},"end":{"line":53,"column":198}},"27":{"start":{"line":54,"column":4},"end":{"line":62,"column":6}},"28":{"start":{"line":55,"column":6},"end":{"line":61,"column":7}},"29":{"start":{"line":57,"column":8},"end":{"line":57,"column":58}},"30":{"start":{"line":58,"column":8},"end":{"line":58,"column":26}},"31":{"start":{"line":60,"column":8},"end":{"line":60,"column":22}},"32":{"start":{"line":67,"column":0},"end":{"line":97,"column":1}},"33":{"start":{"line":68,"column":2},"end":{"line":94,"column":3}},"34":{"start":{"line":69,"column":4},"end":{"line":91,"column":5}},"35":{"start":{"line":71,"column":27},"end":{"line":71,"column":93}},"36":{"start":{"line":72,"column":6},"end":{"line":90,"column":8}},"37":{"start":{"line":73,"column":8},"end":{"line":88,"column":9}},"38":{"start":{"line":74,"column":10},"end":{"line":74,"column":59}},"39":{"start":{"line":75,"column":10},"end":{"line":75,"column":28}},"40":{"start":{"line":77,"column":10},"end":{"line":87,"column":11}},"41":{"start":{"line":78,"column":12},"end":{"line":82,"column":13}},"42":{"start":{"line":79,"column":14},"end":{"line":79,"column":60}},"43":{"start":{"line":81,"column":14},"end":{"line":81,"column":29}},"44":{"start":{"line":86,"column":12},"end":{"line":86,"column":73}},"45":{"start":{"line":93,"column":4},"end":{"line":93,"column":20}},"46":{"start":{"line":99,"column":0},"end":{"line":99,"column":26}},"47":{"start":{"line":101,"column":0},"end":{"line":137,"column":1}},"48":{"start":{"line":102,"column":2},"end":{"line":136,"column":3}},"49":{"start":{"line":103,"column":30},"end":{"line":103,"column":94}},"50":{"start":{"line":105,"column":4},"end":{"line":134,"column":6}},"51":{"start":{"line":106,"column":6},"end":{"line":133,"column":7}},"52":{"start":{"line":107,"column":8},"end":{"line":107,"column":57}},"53":{"start":{"line":108,"column":4},"end":{"line":108,"column":22}},"54":{"start":{"line":110,"column":8},"end":{"line":110,"column":34}},"55":{"start":{"line":111,"column":8},"end":{"line":131,"column":9}},"56":{"start":{"line":113,"column":10},"end":{"line":113,"column":71}},"57":{"start":{"line":116,"column":33},"end":{"line":116,"column":52}},"58":{"start":{"line":117,"column":10},"end":{"line":130,"column":12}},"59":{"start":{"line":118,"column":12},"end":{"line":129,"column":13}},"60":{"start":{"line":119,"column":14},"end":{"line":119,"column":63}},"61":{"start":{"line":120,"column":14},"end":{"line":120,"column":32}},"62":{"start":{"line":122,"column":14},"end":{"line":128,"column":15}},"63":{"start":{"line":123,"column":16},"end":{"line":123,"column":78}},"64":{"start":{"line":124,"column":16},"end":{"line":124,"column":30}},"65":{"start":{"line":127,"column":16},"end":{"line":127,"column":77}},"66":{"start":{"line":139,"column":0},"end":{"line":157,"column":1}},"67":{"start":{"line":140,"column":2},"end":{"line":156,"column":3}},"68":{"start":{"line":141,"column":28},"end":{"line":141,"column":161}},"69":{"start":{"line":142,"column":4},"end":{"line":155,"column":6}},"70":{"start":{"line":143,"column":6},"end":{"line":154,"column":7}},"71":{"start":{"line":144,"column":8},"end":{"line":144,"column":57}},"72":{"start":{"line":145,"column":8},"end":{"line":145,"column":26}},"73":{"start":{"line":147,"column":8},"end":{"line":153,"column":5}},"74":{"start":{"line":148,"column":5},"end":{"line":148,"column":70}},"75":{"start":{"line":149,"column":5},"end":{"line":149,"column":19}},"76":{"start":{"line":152,"column":5},"end":{"line":152,"column":66}},"77":{"start":{"line":160,"column":0},"end":{"line":174,"column":1}},"78":{"start":{"line":161,"column":4},"end":{"line":173,"column":5}},"79":{"start":{"line":162,"column":27},"end":{"line":162,"column":117}},"80":{"start":{"line":163,"column":6},"end":{"line":171,"column":8}},"81":{"start":{"line":164,"column":8},"end":{"line":170,"column":9}},"82":{"start":{"line":166,"column":10},"end":{"line":166,"column":60}},"83":{"start":{"line":167,"column":10},"end":{"line":167,"column":28}},"84":{"start":{"line":169,"column":10},"end":{"line":169,"column":24}},"85":{"start":{"line":175,"column":0},"end":{"line":199,"column":1}},"86":{"start":{"line":176,"column":4},"end":{"line":197,"column":4}},"87":{"start":{"line":177,"column":30},"end":{"line":177,"column":111}},"88":{"start":{"line":179,"column":6},"end":{"line":195,"column":8}},"89":{"start":{"line":180,"column":8},"end":{"line":194,"column":9}},"90":{"start":{"line":181,"column":10},"end":{"line":181,"column":59}},"91":{"start":{"line":182,"column":10},"end":{"line":182,"column":28}},"92":{"start":{"line":184,"column":10},"end":{"line":193,"column":11}},"93":{"start":{"line":187,"column":12},"end":{"line":187,"column":33}},"94":{"start":{"line":192,"column":12},"end":{"line":192,"column":26}},"95":{"start":{"line":201,"column":0},"end":{"line":227,"column":1}},"96":{"start":{"line":202,"column":2},"end":{"line":223,"column":2}},"97":{"start":{"line":203,"column":26},"end":{"line":203,"column":95}},"98":{"start":{"line":205,"column":4},"end":{"line":221,"column":6}},"99":{"start":{"line":206,"column":6},"end":{"line":220,"column":7}},"100":{"start":{"line":207,"column":8},"end":{"line":207,"column":57}},"101":{"start":{"line":208,"column":8},"end":{"line":208,"column":26}},"102":{"start":{"line":210,"column":8},"end":{"line":219,"column":9}},"103":{"start":{"line":213,"column":10},"end":{"line":213,"column":31}},"104":{"start":{"line":218,"column":10},"end":{"line":218,"column":24}},"105":{"start":{"line":229,"column":0},"end":{"line":254,"column":1}},"106":{"start":{"line":230,"column":2},"end":{"line":250,"column":2}},"107":{"start":{"line":231,"column":29},"end":{"line":231,"column":120}},"108":{"start":{"line":232,"column":4},"end":{"line":232,"column":24}},"109":{"start":{"line":233,"column":4},"end":{"line":248,"column":6}},"110":{"start":{"line":234,"column":6},"end":{"line":247,"column":7}},"111":{"start":{"line":235,"column":8},"end":{"line":235,"column":57}},"112":{"start":{"line":236,"column":8},"end":{"line":236,"column":26}},"113":{"start":{"line":238,"column":8},"end":{"line":246,"column":9}},"114":{"start":{"line":240,"column":10},"end":{"line":240,"column":31}},"115":{"start":{"line":245,"column":10},"end":{"line":245,"column":24}},"116":{"start":{"line":256,"column":0},"end":{"line":277,"column":1}},"117":{"start":{"line":257,"column":2},"end":{"line":276,"column":3}},"118":{"start":{"line":259,"column":21},"end":{"line":259,"column":71}},"119":{"start":{"line":262,"column":4},"end":{"line":275,"column":6}},"120":{"start":{"line":264,"column":6},"end":{"line":274,"column":7}},"121":{"start":{"line":265,"column":8},"end":{"line":265,"column":57}},"122":{"start":{"line":266,"column":8},"end":{"line":266,"column":32}},"123":{"start":{"line":268,"column":13},"end":{"line":274,"column":7}},"124":{"start":{"line":269,"column":8},"end":{"line":269,"column":30}},"125":{"start":{"line":272,"column":8},"end":{"line":272,"column":66}},"126":{"start":{"line":273,"column":8},"end":{"line":273,"column":46}}},"fnMap":{"0":{"name":"(anonymous_0)","decl":{"start":{"line":5,"column":21},"end":{"line":5,"column":22}},"loc":{"start":{"line":5,"column":47},"end":{"line":24,"column":1}},"line":5},"1":{"name":"(anonymous_1)","decl":{"start":{"line":11,"column":41},"end":{"line":11,"column":42}},"loc":{"start":{"line":11,"column":58},"end":{"line":22,"column":5}},"line":11},"2":{"name":"(anonymous_2)","decl":{"start":{"line":26,"column":23},"end":{"line":26,"column":24}},"loc":{"start":{"line":26,"column":49},"end":{"line":49,"column":1}},"line":26},"3":{"name":"(anonymous_3)","decl":{"start":{"line":33,"column":43},"end":{"line":33,"column":44}},"loc":{"start":{"line":33,"column":60},"end":{"line":47,"column":5}},"line":33},"4":{"name":"(anonymous_4)","decl":{"start":{"line":51,"column":24},"end":{"line":51,"column":25}},"loc":{"start":{"line":51,"column":49},"end":{"line":65,"column":1}},"line":51},"5":{"name":"(anonymous_5)","decl":{"start":{"line":54,"column":46},"end":{"line":54,"column":47}},"loc":{"start":{"line":54,"column":63},"end":{"line":62,"column":5}},"line":54},"6":{"name":"(anonymous_6)","decl":{"start":{"line":67,"column":20},"end":{"line":67,"column":21}},"loc":{"start":{"line":67,"column":43},"end":{"line":97,"column":1}},"line":67},"7":{"name":"(anonymous_7)","decl":{"start":{"line":72,"column":43},"end":{"line":72,"column":44}},"loc":{"start":{"line":72,"column":60},"end":{"line":90,"column":7}},"line":72},"8":{"name":"(anonymous_8)","decl":{"start":{"line":101,"column":23},"end":{"line":101,"column":24}},"loc":{"start":{"line":101,"column":46},"end":{"line":137,"column":1}},"line":101},"9":{"name":"(anonymous_9)","decl":{"start":{"line":105,"column":46},"end":{"line":105,"column":47}},"loc":{"start":{"line":105,"column":69},"end":{"line":134,"column":5}},"line":105},"10":{"name":"(anonymous_10)","decl":{"start":{"line":117,"column":146},"end":{"line":117,"column":147}},"loc":{"start":{"line":117,"column":163},"end":{"line":130,"column":11}},"line":117},"11":{"name":"(anonymous_11)","decl":{"start":{"line":139,"column":24},"end":{"line":139,"column":25}},"loc":{"start":{"line":139,"column":50},"end":{"line":157,"column":1}},"line":139},"12":{"name":"(anonymous_12)","decl":{"start":{"line":142,"column":42},"end":{"line":142,"column":43}},"loc":{"start":{"line":142,"column":56},"end":{"line":155,"column":5}},"line":142},"13":{"name":"(anonymous_13)","decl":{"start":{"line":160,"column":19},"end":{"line":160,"column":20}},"loc":{"start":{"line":160,"column":44},"end":{"line":174,"column":1}},"line":160},"14":{"name":"(anonymous_14)","decl":{"start":{"line":163,"column":43},"end":{"line":163,"column":44}},"loc":{"start":{"line":163,"column":60},"end":{"line":171,"column":7}},"line":163},"15":{"name":"(anonymous_15)","decl":{"start":{"line":175,"column":23},"end":{"line":175,"column":24}},"loc":{"start":{"line":175,"column":49},"end":{"line":199,"column":1}},"line":175},"16":{"name":"(anonymous_16)","decl":{"start":{"line":179,"column":46},"end":{"line":179,"column":47}},"loc":{"start":{"line":179,"column":63},"end":{"line":195,"column":7}},"line":179},"17":{"name":"(anonymous_17)","decl":{"start":{"line":201,"column":24},"end":{"line":201,"column":25}},"loc":{"start":{"line":201,"column":50},"end":{"line":227,"column":1}},"line":201},"18":{"name":"(anonymous_18)","decl":{"start":{"line":205,"column":42},"end":{"line":205,"column":43}},"loc":{"start":{"line":205,"column":59},"end":{"line":221,"column":5}},"line":205},"19":{"name":"(anonymous_19)","decl":{"start":{"line":229,"column":34},"end":{"line":229,"column":35}},"loc":{"start":{"line":229,"column":60},"end":{"line":254,"column":1}},"line":229},"20":{"name":"(anonymous_20)","decl":{"start":{"line":233,"column":45},"end":{"line":233,"column":46}},"loc":{"start":{"line":233,"column":62},"end":{"line":248,"column":5}},"line":233},"21":{"name":"(anonymous_21)","decl":{"start":{"line":256,"column":19},"end":{"line":256,"column":20}},"loc":{"start":{"line":256,"column":46},"end":{"line":277,"column":1}},"line":256},"22":{"name":"(anonymous_22)","decl":{"start":{"line":262,"column":37},"end":{"line":262,"column":38}},"loc":{"start":{"line":262,"column":54},"end":{"line":275,"column":5}},"line":262}},"branchMap":{"0":{"loc":{"start":{"line":6,"column":2},"end":{"line":23,"column":3}},"type":"if","locations":[{"start":{"line":6,"column":2},"end":{"line":23,"column":3}},{"start":{"line":6,"column":2},"end":{"line":23,"column":3}}],"line":6},"1":{"loc":{"start":{"line":12,"column":6},"end":{"line":21,"column":7}},"type":"if","locations":[{"start":{"line":12,"column":6},"end":{"line":21,"column":7}},{"start":{"line":12,"column":6},"end":{"line":21,"column":7}}],"line":12},"2":{"loc":{"start":{"line":13,"column":8},"end":{"line":14,"column":59}},"type":"if","locations":[{"start":{"line":13,"column":8},"end":{"line":14,"column":59}},{"start":{"line":13,"column":8},"end":{"line":14,"column":59}}],"line":13},"3":{"loc":{"start":{"line":27,"column":2},"end":{"line":48,"column":3}},"type":"if","locations":[{"start":{"line":27,"column":2},"end":{"line":48,"column":3}},{"start":{"line":27,"column":2},"end":{"line":48,"column":3}}],"line":27},"4":{"loc":{"start":{"line":35,"column":6},"end":{"line":46,"column":7}},"type":"if","locations":[{"start":{"line":35,"column":6},"end":{"line":46,"column":7}},{"start":{"line":35,"column":6},"end":{"line":46,"column":7}}],"line":35},"5":{"loc":{"start":{"line":39,"column":8},"end":{"line":45,"column":5}},"type":"if","locations":[{"start":{"line":39,"column":8},"end":{"line":45,"column":5}},{"start":{"line":39,"column":8},"end":{"line":45,"column":5}}],"line":39},"6":{"loc":{"start":{"line":52,"column":2},"end":{"line":64,"column":3}},"type":"if","locations":[{"start":{"line":52,"column":2},"end":{"line":64,"column":3}},{"start":{"line":52,"column":2},"end":{"line":64,"column":3}}],"line":52},"7":{"loc":{"start":{"line":55,"column":6},"end":{"line":61,"column":7}},"type":"if","locations":[{"start":{"line":55,"column":6},"end":{"line":61,"column":7}},{"start":{"line":55,"column":6},"end":{"line":61,"column":7}}],"line":55},"8":{"loc":{"start":{"line":69,"column":4},"end":{"line":91,"column":5}},"type":"if","locations":[{"start":{"line":69,"column":4},"end":{"line":91,"column":5}},{"start":{"line":69,"column":4},"end":{"line":91,"column":5}}],"line":69},"9":{"loc":{"start":{"line":73,"column":8},"end":{"line":88,"column":9}},"type":"if","locations":[{"start":{"line":73,"column":8},"end":{"line":88,"column":9}},{"start":{"line":73,"column":8},"end":{"line":88,"column":9}}],"line":73},"10":{"loc":{"start":{"line":77,"column":10},"end":{"line":87,"column":11}},"type":"if","locations":[{"start":{"line":77,"column":10},"end":{"line":87,"column":11}},{"start":{"line":77,"column":10},"end":{"line":87,"column":11}}],"line":77},"11":{"loc":{"start":{"line":78,"column":12},"end":{"line":82,"column":13}},"type":"if","locations":[{"start":{"line":78,"column":12},"end":{"line":82,"column":13}},{"start":{"line":78,"column":12},"end":{"line":82,"column":13}}],"line":78},"12":{"loc":{"start":{"line":102,"column":2},"end":{"line":136,"column":3}},"type":"if","locations":[{"start":{"line":102,"column":2},"end":{"line":136,"column":3}},{"start":{"line":102,"column":2},"end":{"line":136,"column":3}}],"line":102},"13":{"loc":{"start":{"line":106,"column":6},"end":{"line":133,"column":7}},"type":"if","locations":[{"start":{"line":106,"column":6},"end":{"line":133,"column":7}},{"start":{"line":106,"column":6},"end":{"line":133,"column":7}}],"line":106},"14":{"loc":{"start":{"line":111,"column":8},"end":{"line":131,"column":9}},"type":"if","locations":[{"start":{"line":111,"column":8},"end":{"line":131,"column":9}},{"start":{"line":111,"column":8},"end":{"line":131,"column":9}}],"line":111},"15":{"loc":{"start":{"line":118,"column":12},"end":{"line":129,"column":13}},"type":"if","locations":[{"start":{"line":118,"column":12},"end":{"line":129,"column":13}},{"start":{"line":118,"column":12},"end":{"line":129,"column":13}}],"line":118},"16":{"loc":{"start":{"line":122,"column":14},"end":{"line":128,"column":15}},"type":"if","locations":[{"start":{"line":122,"column":14},"end":{"line":128,"column":15}},{"start":{"line":122,"column":14},"end":{"line":128,"column":15}}],"line":122},"17":{"loc":{"start":{"line":140,"column":2},"end":{"line":156,"column":3}},"type":"if","locations":[{"start":{"line":140,"column":2},"end":{"line":156,"column":3}},{"start":{"line":140,"column":2},"end":{"line":156,"column":3}}],"line":140},"18":{"loc":{"start":{"line":143,"column":6},"end":{"line":154,"column":7}},"type":"if","locations":[{"start":{"line":143,"column":6},"end":{"line":154,"column":7}},{"start":{"line":143,"column":6},"end":{"line":154,"column":7}}],"line":143},"19":{"loc":{"start":{"line":147,"column":8},"end":{"line":153,"column":5}},"type":"if","locations":[{"start":{"line":147,"column":8},"end":{"line":153,"column":5}},{"start":{"line":147,"column":8},"end":{"line":153,"column":5}}],"line":147},"20":{"loc":{"start":{"line":161,"column":4},"end":{"line":173,"column":5}},"type":"if","locations":[{"start":{"line":161,"column":4},"end":{"line":173,"column":5}},{"start":{"line":161,"column":4},"end":{"line":173,"column":5}}],"line":161},"21":{"loc":{"start":{"line":164,"column":8},"end":{"line":170,"column":9}},"type":"if","locations":[{"start":{"line":164,"column":8},"end":{"line":170,"column":9}},{"start":{"line":164,"column":8},"end":{"line":170,"column":9}}],"line":164},"22":{"loc":{"start":{"line":176,"column":4},"end":{"line":197,"column":4}},"type":"if","locations":[{"start":{"line":176,"column":4},"end":{"line":197,"column":4}},{"start":{"line":176,"column":4},"end":{"line":197,"column":4}}],"line":176},"23":{"loc":{"start":{"line":180,"column":8},"end":{"line":194,"column":9}},"type":"if","locations":[{"start":{"line":180,"column":8},"end":{"line":194,"column":9}},{"start":{"line":180,"column":8},"end":{"line":194,"column":9}}],"line":180},"24":{"loc":{"start":{"line":184,"column":10},"end":{"line":193,"column":11}},"type":"if","locations":[{"start":{"line":184,"column":10},"end":{"line":193,"column":11}},{"start":{"line":184,"column":10},"end":{"line":193,"column":11}}],"line":184},"25":{"loc":{"start":{"line":202,"column":2},"end":{"line":223,"column":2}},"type":"if","locations":[{"start":{"line":202,"column":2},"end":{"line":223,"column":2}},{"start":{"line":202,"column":2},"end":{"line":223,"column":2}}],"line":202},"26":{"loc":{"start":{"line":206,"column":6},"end":{"line":220,"column":7}},"type":"if","locations":[{"start":{"line":206,"column":6},"end":{"line":220,"column":7}},{"start":{"line":206,"column":6},"end":{"line":220,"column":7}}],"line":206},"27":{"loc":{"start":{"line":210,"column":8},"end":{"line":219,"column":9}},"type":"if","locations":[{"start":{"line":210,"column":8},"end":{"line":219,"column":9}},{"start":{"line":210,"column":8},"end":{"line":219,"column":9}}],"line":210},"28":{"loc":{"start":{"line":230,"column":2},"end":{"line":250,"column":2}},"type":"if","locations":[{"start":{"line":230,"column":2},"end":{"line":250,"column":2}},{"start":{"line":230,"column":2},"end":{"line":250,"column":2}}],"line":230},"29":{"loc":{"start":{"line":234,"column":6},"end":{"line":247,"column":7}},"type":"if","locations":[{"start":{"line":234,"column":6},"end":{"line":247,"column":7}},{"start":{"line":234,"column":6},"end":{"line":247,"column":7}}],"line":234},"30":{"loc":{"start":{"line":238,"column":8},"end":{"line":246,"column":9}},"type":"if","locations":[{"start":{"line":238,"column":8},"end":{"line":246,"column":9}},{"start":{"line":238,"column":8},"end":{"line":246,"column":9}}],"line":238},"31":{"loc":{"start":{"line":257,"column":2},"end":{"line":276,"column":3}},"type":"if","locations":[{"start":{"line":257,"column":2},"end":{"line":276,"column":3}},{"start":{"line":257,"column":2},"end":{"line":276,"column":3}}],"line":257},"32":{"loc":{"start":{"line":264,"column":6},"end":{"line":274,"column":7}},"type":"if","locations":[{"start":{"line":264,"column":6},"end":{"line":274,"column":7}},{"start":{"line":264,"column":6},"end":{"line":274,"column":7}}],"line":264},"33":{"loc":{"start":{"line":268,"column":13},"end":{"line":274,"column":7}},"type":"if","locations":[{"start":{"line":268,"column":13},"end":{"line":274,"column":7}},{"start":{"line":268,"column":13},"end":{"line":274,"column":7}}],"line":268},"34":{"loc":{"start":{"line":268,"column":17},"end":{"line":268,"column":43}},"type":"binary-expr","locations":[{"start":{"line":268,"column":17},"end":{"line":268,"column":21}},{"start":{"line":268,"column":25},"end":{"line":268,"column":43}}],"line":268}},"s":{"0":2,"1":2,"2":0,"3":0,"4":0,"5":0,"6":0,"7":0,"8":0,"9":0,"10":0,"11":2,"12":0,"13":0,"14":0,"15":0,"16":0,"17":0,"18":0,"19":0,"20":0,"21":0,"22":0,"23":0,"24":2,"25":0,"26":0,"27":0,"28":0,"29":0,"30":0,"31":0,"32":2,"33":0,"34":0,"35":0,"36":0,"37":0,"38":0,"39":0,"40":0,"41":0,"42":0,"43":0,"44":0,"45":0,"46":2,"47":2,"48":0,"49":0,"50":0,"51":0,"52":0,"53":0,"54":0,"55":0,"56":0,"57":0,"58":0,"59":0,"60":0,"61":0,"62":0,"63":0,"64":0,"65":0,"66":2,"67":0,"68":0,"69":0,"70":0,"71":0,"72":0,"73":0,"74":0,"75":0,"76":0,"77":2,"78":0,"79":0,"80":0,"81":0,"82":0,"83":0,"84":0,"85":2,"86":0,"87":0,"88":0,"89":0,"90":0,"91":0,"92":0,"93":0,"94":0,"95":2,"96":0,"97":0,"98":0,"99":0,"100":0,"101":0,"102":0,"103":0,"104":0,"105":2,"106":0,"107":0,"108":0,"109":0,"110":0,"111":0,"112":0,"113":0,"114":0,"115":0,"116":2,"117":0,"118":0,"119":0,"120":0,"121":0,"122":0,"123":0,"124":0,"125":0,"126":0},"f":{"0":0,"1":0,"2":0,"3":0,"4":0,"5":0,"6":0,"7":0,"8":0,"9":0,"10":0,"11":0,"12":0,"13":0,"14":0,"15":0,"16":0,"17":0,"18":0,"19":0,"20":0,"21":0,"22":0},"b":{"0":[0,0],"1":[0,0],"2":[0,0],"3":[0,0],"4":[0,0],"5":[0,0],"6":[0,0],"7":[0,0],"8":[0,0],"9":[0,0],"10":[0,0],"11":[0,0],"12":[0,0],"13":[0,0],"14":[0,0],"15":[0,0],"16":[0,0],"17":[0,0],"18":[0,0],"19":[0,0],"20":[0,0],"21":[0,0],"22":[0,0],"23":[0,0],"24":[0,0],"25":[0,0],"26":[0,0],"27":[0,0],"28":[0,0],"29":[0,0],"30":[0,0],"31":[0,0],"32":[0,0],"33":[0,0],"34":[0,0]},"_coverageSchema":"1a1c01bbd47fc00a2c39e90264f33305004495a9","hash":"5c2ec1948334a0dec58e54a6fc576090536fabae"}
,"/media/sathira/DE18E8D318E8AC29/accedemic/accedemic_latest/project/e16-3yp-smart-payment-system/Backends/Local Server/src/models/user.model.js": {"path":"/media/sathira/DE18E8D318E8AC29/accedemic/accedemic_latest/project/e16-3yp-smart-payment-system/Backends/Local Server/src/models/user.model.js","statementMap":{"0":{"start":{"line":3,"column":15},"end":{"line":3,"column":43}},"1":{"start":{"line":5,"column":0},"end":{"line":23,"column":1}},"2":{"start":{"line":6,"column":2},"end":{"line":22,"column":3}},"3":{"start":{"line":8,"column":21},"end":{"line":8,"column":237}},"4":{"start":{"line":11,"column":4},"end":{"line":21,"column":6}},"5":{"start":{"line":12,"column":6},"end":{"line":20,"column":7}},"6":{"start":{"line":13,"column":8},"end":{"line":14,"column":59}},"7":{"start":{"line":14,"column":10},"end":{"line":14,"column":59}},"8":{"start":{"line":16,"column":8},"end":{"line":16,"column":26}},"9":{"start":{"line":19,"column":8},"end":{"line":19,"column":22}},"10":{"start":{"line":25,"column":0},"end":{"line":46,"column":1}},"11":{"start":{"line":26,"column":2},"end":{"line":45,"column":3}},"12":{"start":{"line":28,"column":21},"end":{"line":28,"column":71}},"13":{"start":{"line":31,"column":4},"end":{"line":44,"column":6}},"14":{"start":{"line":33,"column":6},"end":{"line":43,"column":7}},"15":{"start":{"line":34,"column":8},"end":{"line":34,"column":57}},"16":{"start":{"line":35,"column":8},"end":{"line":35,"column":32}},"17":{"start":{"line":37,"column":13},"end":{"line":43,"column":7}},"18":{"start":{"line":38,"column":8},"end":{"line":38,"column":30}},"19":{"start":{"line":41,"column":8},"end":{"line":41,"column":66}},"20":{"start":{"line":42,"column":8},"end":{"line":42,"column":46}}},"fnMap":{"0":{"name":"(anonymous_0)","decl":{"start":{"line":5,"column":22},"end":{"line":5,"column":23}},"loc":{"start":{"line":5,"column":48},"end":{"line":23,"column":1}},"line":5},"1":{"name":"(anonymous_1)","decl":{"start":{"line":11,"column":37},"end":{"line":11,"column":38}},"loc":{"start":{"line":11,"column":54},"end":{"line":21,"column":5}},"line":11},"2":{"name":"(anonymous_2)","decl":{"start":{"line":25,"column":19},"end":{"line":25,"column":20}},"loc":{"start":{"line":25,"column":46},"end":{"line":46,"column":1}},"line":25},"3":{"name":"(anonymous_3)","decl":{"start":{"line":31,"column":37},"end":{"line":31,"column":38}},"loc":{"start":{"line":31,"column":54},"end":{"line":44,"column":5}},"line":31}},"branchMap":{"0":{"loc":{"start":{"line":6,"column":2},"end":{"line":22,"column":3}},"type":"if","locations":[{"start":{"line":6,"column":2},"end":{"line":22,"column":3}},{"start":{"line":6,"column":2},"end":{"line":22,"column":3}}],"line":6},"1":{"loc":{"start":{"line":12,"column":6},"end":{"line":20,"column":7}},"type":"if","locations":[{"start":{"line":12,"column":6},"end":{"line":20,"column":7}},{"start":{"line":12,"column":6},"end":{"line":20,"column":7}}],"line":12},"2":{"loc":{"start":{"line":13,"column":8},"end":{"line":14,"column":59}},"type":"if","locations":[{"start":{"line":13,"column":8},"end":{"line":14,"column":59}},{"start":{"line":13,"column":8},"end":{"line":14,"column":59}}],"line":13},"3":{"loc":{"start":{"line":26,"column":2},"end":{"line":45,"column":3}},"type":"if","locations":[{"start":{"line":26,"column":2},"end":{"line":45,"column":3}},{"start":{"line":26,"column":2},"end":{"line":45,"column":3}}],"line":26},"4":{"loc":{"start":{"line":33,"column":6},"end":{"line":43,"column":7}},"type":"if","locations":[{"start":{"line":33,"column":6},"end":{"line":43,"column":7}},{"start":{"line":33,"column":6},"end":{"line":43,"column":7}}],"line":33},"5":{"loc":{"start":{"line":37,"column":13},"end":{"line":43,"column":7}},"type":"if","locations":[{"start":{"line":37,"column":13},"end":{"line":43,"column":7}},{"start":{"line":37,"column":13},"end":{"line":43,"column":7}}],"line":37},"6":{"loc":{"start":{"line":37,"column":17},"end":{"line":37,"column":43}},"type":"binary-expr","locations":[{"start":{"line":37,"column":17},"end":{"line":37,"column":21}},{"start":{"line":37,"column":25},"end":{"line":37,"column":43}}],"line":37}},"s":{"0":2,"1":2,"2":0,"3":0,"4":0,"5":0,"6":0,"7":0,"8":0,"9":0,"10":2,"11":0,"12":0,"13":0,"14":0,"15":0,"16":0,"17":0,"18":0,"19":0,"20":0},"f":{"0":0,"1":0,"2":0,"3":0},"b":{"0":[0,0],"1":[0,0],"2":[0,0],"3":[0,0],"4":[0,0],"5":[0,0],"6":[0,0]},"_coverageSchema":"1a1c01bbd47fc00a2c39e90264f33305004495a9","hash":"d4891c7f19316b22e778e18abe41d16ae3d09994"}
,"/media/sathira/DE18E8D318E8AC29/accedemic/accedemic_latest/project/e16-3yp-smart-payment-system/Backends/Local Server/src/public/introduction.js": {"path":"/media/sathira/DE18E8D318E8AC29/accedemic/accedemic_latest/project/e16-3yp-smart-payment-system/Backends/Local Server/src/public/introduction.js","statementMap":{"0":{"start":{"line":4,"column":0},"end":{"line":14,"column":1}}},"fnMap":{},"branchMap":{},"s":{"0":1},"f":{},"b":{},"_coverageSchema":"1a1c01bbd47fc00a2c39e90264f33305004495a9","hash":"a089714a90dea315d3ddb4f7a8006dce1e4d7c23"}
,"/media/sathira/DE18E8D318E8AC29/accedemic/accedemic_latest/project/e16-3yp-smart-payment-system/Backends/Local Server/src/routes/api/authRoute.js": {"path":"/media/sathira/DE18E8D318E8AC29/accedemic/accedemic_latest/project/e16-3yp-smart-payment-system/Backends/Local Server/src/routes/api/authRoute.js","statementMap":{"0":{"start":{"line":3,"column":16},"end":{"line":3,"column":34}},"1":{"start":{"line":4,"column":15},"end":{"line":4,"column":31}},"2":{"start":{"line":5,"column":43},"end":{"line":5,"column":72}},"3":{"start":{"line":6,"column":23},"end":{"line":6,"column":71}},"4":{"start":{"line":7,"column":23},"end":{"line":7,"column":67}},"5":{"start":{"line":8,"column":23},"end":{"line":8,"column":67}},"6":{"start":{"line":9,"column":13},"end":{"line":9,"column":55}},"7":{"start":{"line":11,"column":23},"end":{"line":11,"column":66}},"8":{"start":{"line":12,"column":23},"end":{"line":12,"column":66}},"9":{"start":{"line":13,"column":15},"end":{"line":13,"column":57}},"10":{"start":{"line":16,"column":0},"end":{"line":16,"column":48}},"11":{"start":{"line":17,"column":0},"end":{"line":17,"column":43}},"12":{"start":{"line":19,"column":0},"end":{"line":19,"column":121}},"13":{"start":{"line":20,"column":0},"end":{"line":20,"column":119}},"14":{"start":{"line":22,"column":0},"end":{"line":22,"column":116}},"15":{"start":{"line":23,"column":0},"end":{"line":23,"column":127}},"16":{"start":{"line":24,"column":0},"end":{"line":24,"column":122}},"17":{"start":{"line":27,"column":0},"end":{"line":27,"column":23}}},"fnMap":{},"branchMap":{},"s":{"0":1,"1":1,"2":1,"3":1,"4":1,"5":1,"6":1,"7":1,"8":1,"9":1,"10":1,"11":1,"12":1,"13":1,"14":1,"15":1,"16":1,"17":1},"f":{},"b":{},"_coverageSchema":"1a1c01bbd47fc00a2c39e90264f33305004495a9","hash":"fc3fa77c975b0a9b8305958fc037f31bb52cd8ce"}
,"/media/sathira/DE18E8D318E8AC29/accedemic/accedemic_latest/project/e16-3yp-smart-payment-system/Backends/Local Server/src/routes/api/index.js": {"path":"/media/sathira/DE18E8D318E8AC29/accedemic/accedemic_latest/project/e16-3yp-smart-payment-system/Backends/Local Server/src/routes/api/index.js","statementMap":{"0":{"start":{"line":3,"column":16},"end":{"line":3,"column":34}},"1":{"start":{"line":4,"column":15},"end":{"line":4,"column":31}},"2":{"start":{"line":5,"column":19},"end":{"line":5,"column":41}},"3":{"start":{"line":6,"column":25},"end":{"line":6,"column":61}},"4":{"start":{"line":9,"column":0},"end":{"line":11,"column":2}},"5":{"start":{"line":10,"column":1},"end":{"line":10,"column":41}},"6":{"start":{"line":14,"column":0},"end":{"line":14,"column":30}},"7":{"start":{"line":16,"column":0},"end":{"line":18,"column":2}},"8":{"start":{"line":17,"column":1},"end":{"line":17,"column":54}},"9":{"start":{"line":20,"column":0},"end":{"line":20,"column":23}}},"fnMap":{"0":{"name":"(anonymous_0)","decl":{"start":{"line":9,"column":16},"end":{"line":9,"column":17}},"loc":{"start":{"line":9,"column":30},"end":{"line":11,"column":1}},"line":9},"1":{"name":"(anonymous_1)","decl":{"start":{"line":16,"column":16},"end":{"line":16,"column":17}},"loc":{"start":{"line":16,"column":27},"end":{"line":18,"column":1}},"line":16}},"branchMap":{},"s":{"0":1,"1":1,"2":1,"3":1,"4":1,"5":1,"6":1,"7":1,"8":1,"9":1},"f":{"0":1,"1":1},"b":{},"_coverageSchema":"1a1c01bbd47fc00a2c39e90264f33305004495a9","hash":"612ee3b4d1f42c81da21830c3348da633fc39de5"}
,"/media/sathira/DE18E8D318E8AC29/accedemic/accedemic_latest/project/e16-3yp-smart-payment-system/Backends/Local Server/src/services/express.js": {"path":"/media/sathira/DE18E8D318E8AC29/accedemic/accedemic_latest/project/e16-3yp-smart-payment-system/Backends/Local Server/src/services/express.js","statementMap":{"0":{"start":{"line":3,"column":15},"end":{"line":3,"column":35}},"1":{"start":{"line":4,"column":16},"end":{"line":4,"column":34}},"2":{"start":{"line":5,"column":19},"end":{"line":5,"column":41}},"3":{"start":{"line":6,"column":13},"end":{"line":6,"column":28}},"4":{"start":{"line":7,"column":12},"end":{"line":7,"column":36}},"5":{"start":{"line":8,"column":13},"end":{"line":8,"column":47}},"6":{"start":{"line":9,"column":12},"end":{"line":9,"column":21}},"7":{"start":{"line":12,"column":0},"end":{"line":12,"column":51}},"8":{"start":{"line":14,"column":0},"end":{"line":14,"column":26}},"9":{"start":{"line":16,"column":0},"end":{"line":16,"column":15}},"10":{"start":{"line":19,"column":0},"end":{"line":19,"column":17}},"11":{"start":{"line":22,"column":0},"end":{"line":31,"column":1}},"12":{"start":{"line":23,"column":2},"end":{"line":30,"column":4}},"13":{"start":{"line":24,"column":4},"end":{"line":27,"column":5}},"14":{"start":{"line":25,"column":6},"end":{"line":25,"column":35}},"15":{"start":{"line":26,"column":6},"end":{"line":26,"column":22}},"16":{"start":{"line":29,"column":4},"end":{"line":29,"column":59}},"17":{"start":{"line":33,"column":0},"end":{"line":33,"column":17}}},"fnMap":{"0":{"name":"(anonymous_0)","decl":{"start":{"line":22,"column":16},"end":{"line":22,"column":17}},"loc":{"start":{"line":22,"column":22},"end":{"line":31,"column":1}},"line":22},"1":{"name":"(anonymous_1)","decl":{"start":{"line":23,"column":19},"end":{"line":23,"column":20}},"loc":{"start":{"line":23,"column":28},"end":{"line":30,"column":3}},"line":23}},"branchMap":{"0":{"loc":{"start":{"line":8,"column":13},"end":{"line":8,"column":47}},"type":"cond-expr","locations":[{"start":{"line":8,"column":29},"end":{"line":8,"column":40}},{"start":{"line":8,"column":43},"end":{"line":8,"column":47}}],"line":8},"1":{"loc":{"start":{"line":24,"column":4},"end":{"line":27,"column":5}},"type":"if","locations":[{"start":{"line":24,"column":4},"end":{"line":27,"column":5}},{"start":{"line":24,"column":4},"end":{"line":27,"column":5}}],"line":24}},"s":{"0":1,"1":1,"2":1,"3":1,"4":1,"5":1,"6":1,"7":1,"8":1,"9":1,"10":1,"11":1,"12":0,"13":0,"14":0,"15":0,"16":0,"17":1},"f":{"0":0,"1":0},"b":{"0":[1,0],"1":[0,0]},"_coverageSchema":"1a1c01bbd47fc00a2c39e90264f33305004495a9","hash":"154a8adc5d3e90a9bf91b1ede6fa353c1c13d3b7"}
,"/media/sathira/DE18E8D318E8AC29/accedemic/accedemic_latest/project/e16-3yp-smart-payment-system/Backends/Local Server/src/services/mysql.js": {"path":"/media/sathira/DE18E8D318E8AC29/accedemic/accedemic_latest/project/e16-3yp-smart-payment-system/Backends/Local Server/src/services/mysql.js","statementMap":{"0":{"start":{"line":3,"column":15},"end":{"line":3,"column":35}},"1":{"start":{"line":4,"column":14},"end":{"line":4,"column":30}},"2":{"start":{"line":7,"column":15},"end":{"line":13,"column":2}},"3":{"start":{"line":15,"column":12},"end":{"line":32,"column":1}},"4":{"start":{"line":34,"column":0},"end":{"line":38,"column":1}},"5":{"start":{"line":35,"column":1},"end":{"line":37,"column":3}},"6":{"start":{"line":36,"column":2},"end":{"line":36,"column":18}},"7":{"start":{"line":42,"column":0},"end":{"line":130,"column":1}},"8":{"start":{"line":45,"column":1},"end":{"line":52,"column":3}},"9":{"start":{"line":46,"column":2},"end":{"line":49,"column":3}},"10":{"start":{"line":47,"column":3},"end":{"line":47,"column":67}},"11":{"start":{"line":48,"column":3},"end":{"line":48,"column":18}},"12":{"start":{"line":56,"column":1},"end":{"line":64,"column":3}},"13":{"start":{"line":58,"column":4},"end":{"line":61,"column":5}},"14":{"start":{"line":59,"column":5},"end":{"line":59,"column":93}},"15":{"start":{"line":60,"column":3},"end":{"line":60,"column":18}},"16":{"start":{"line":67,"column":1},"end":{"line":74,"column":3}},"17":{"start":{"line":68,"column":4},"end":{"line":71,"column":5}},"18":{"start":{"line":69,"column":5},"end":{"line":69,"column":89}},"19":{"start":{"line":70,"column":3},"end":{"line":70,"column":18}},"20":{"start":{"line":77,"column":1},"end":{"line":84,"column":3}},"21":{"start":{"line":78,"column":4},"end":{"line":81,"column":5}},"22":{"start":{"line":79,"column":5},"end":{"line":79,"column":76}},"23":{"start":{"line":80,"column":3},"end":{"line":80,"column":18}},"24":{"start":{"line":87,"column":1},"end":{"line":94,"column":3}},"25":{"start":{"line":88,"column":4},"end":{"line":91,"column":5}},"26":{"start":{"line":89,"column":5},"end":{"line":89,"column":77}},"27":{"start":{"line":90,"column":3},"end":{"line":90,"column":18}},"28":{"start":{"line":98,"column":1},"end":{"line":105,"column":3}},"29":{"start":{"line":99,"column":4},"end":{"line":102,"column":5}},"30":{"start":{"line":100,"column":5},"end":{"line":100,"column":79}},"31":{"start":{"line":101,"column":3},"end":{"line":101,"column":18}},"32":{"start":{"line":108,"column":1},"end":{"line":115,"column":4}},"33":{"start":{"line":109,"column":2},"end":{"line":112,"column":3}},"34":{"start":{"line":110,"column":3},"end":{"line":110,"column":76}},"35":{"start":{"line":111,"column":4},"end":{"line":111,"column":19}},"36":{"start":{"line":119,"column":1},"end":{"line":129,"column":3}},"37":{"start":{"line":120,"column":4},"end":{"line":127,"column":3}},"38":{"start":{"line":121,"column":5},"end":{"line":121,"column":78}},"39":{"start":{"line":122,"column":3},"end":{"line":122,"column":18}},"40":{"start":{"line":126,"column":3},"end":{"line":126,"column":37}},"41":{"start":{"line":133,"column":0},"end":{"line":141,"column":1}},"42":{"start":{"line":134,"column":1},"end":{"line":140,"column":3}},"43":{"start":{"line":135,"column":4},"end":{"line":139,"column":5}},"44":{"start":{"line":136,"column":5},"end":{"line":136,"column":25}},"45":{"start":{"line":138,"column":5},"end":{"line":138,"column":28}},"46":{"start":{"line":144,"column":0},"end":{"line":152,"column":1}},"47":{"start":{"line":145,"column":1},"end":{"line":151,"column":3}},"48":{"start":{"line":146,"column":4},"end":{"line":150,"column":5}},"49":{"start":{"line":147,"column":5},"end":{"line":147,"column":25}},"50":{"start":{"line":149,"column":5},"end":{"line":149,"column":28}},"51":{"start":{"line":154,"column":0},"end":{"line":165,"column":1}},"52":{"start":{"line":155,"column":1},"end":{"line":162,"column":2}},"53":{"start":{"line":156,"column":2},"end":{"line":156,"column":19}},"54":{"start":{"line":157,"column":17},"end":{"line":157,"column":34}},"55":{"start":{"line":158,"column":2},"end":{"line":158,"column":23}},"56":{"start":{"line":161,"column":2},"end":{"line":161,"column":27}}},"fnMap":{"0":{"name":"(anonymous_0)","decl":{"start":{"line":34,"column":21},"end":{"line":34,"column":22}},"loc":{"start":{"line":34,"column":31},"end":{"line":38,"column":1}},"line":34},"1":{"name":"(anonymous_1)","decl":{"start":{"line":35,"column":12},"end":{"line":35,"column":13}},"loc":{"start":{"line":35,"column":19},"end":{"line":37,"column":2}},"line":35},"2":{"name":"(anonymous_2)","decl":{"start":{"line":42,"column":18},"end":{"line":42,"column":19}},"loc":{"start":{"line":42,"column":30},"end":{"line":130,"column":1}},"line":42},"3":{"name":"(anonymous_3)","decl":{"start":{"line":45,"column":16},"end":{"line":45,"column":17}},"loc":{"start":{"line":45,"column":25},"end":{"line":52,"column":2}},"line":45},"4":{"name":"(anonymous_4)","decl":{"start":{"line":56,"column":87},"end":{"line":56,"column":88}},"loc":{"start":{"line":56,"column":105},"end":{"line":64,"column":2}},"line":56},"5":{"name":"(anonymous_5)","decl":{"start":{"line":67,"column":81},"end":{"line":67,"column":82}},"loc":{"start":{"line":67,"column":99},"end":{"line":74,"column":2}},"line":67},"6":{"name":"(anonymous_6)","decl":{"start":{"line":77,"column":35},"end":{"line":77,"column":36}},"loc":{"start":{"line":77,"column":53},"end":{"line":84,"column":2}},"line":77},"7":{"name":"(anonymous_7)","decl":{"start":{"line":87,"column":35},"end":{"line":87,"column":36}},"loc":{"start":{"line":87,"column":53},"end":{"line":94,"column":2}},"line":87},"8":{"name":"(anonymous_8)","decl":{"start":{"line":98,"column":37},"end":{"line":98,"column":38}},"loc":{"start":{"line":98,"column":55},"end":{"line":105,"column":2}},"line":98},"9":{"name":"(anonymous_9)","decl":{"start":{"line":108,"column":35},"end":{"line":108,"column":36}},"loc":{"start":{"line":108,"column":53},"end":{"line":115,"column":3}},"line":108},"10":{"name":"(anonymous_10)","decl":{"start":{"line":119,"column":36},"end":{"line":119,"column":37}},"loc":{"start":{"line":119,"column":54},"end":{"line":129,"column":2}},"line":119},"11":{"name":"(anonymous_11)","decl":{"start":{"line":133,"column":20},"end":{"line":133,"column":21}},"loc":{"start":{"line":133,"column":45},"end":{"line":141,"column":1}},"line":133},"12":{"name":"(anonymous_12)","decl":{"start":{"line":134,"column":19},"end":{"line":134,"column":20}},"loc":{"start":{"line":134,"column":37},"end":{"line":140,"column":2}},"line":134},"13":{"name":"(anonymous_13)","decl":{"start":{"line":144,"column":20},"end":{"line":144,"column":21}},"loc":{"start":{"line":144,"column":45},"end":{"line":152,"column":1}},"line":144},"14":{"name":"(anonymous_14)","decl":{"start":{"line":145,"column":19},"end":{"line":145,"column":20}},"loc":{"start":{"line":145,"column":37},"end":{"line":151,"column":2}},"line":145},"15":{"name":"(anonymous_15)","decl":{"start":{"line":154,"column":22},"end":{"line":154,"column":23}},"loc":{"start":{"line":154,"column":31},"end":{"line":165,"column":1}},"line":154}},"branchMap":{"0":{"loc":{"start":{"line":46,"column":2},"end":{"line":49,"column":3}},"type":"if","locations":[{"start":{"line":46,"column":2},"end":{"line":49,"column":3}},{"start":{"line":46,"column":2},"end":{"line":49,"column":3}}],"line":46},"1":{"loc":{"start":{"line":56,"column":15},"end":{"line":56,"column":84}},"type":"cond-expr","locations":[{"start":{"line":56,"column":38},"end":{"line":56,"column":57}},{"start":{"line":56,"column":60},"end":{"line":56,"column":84}}],"line":56},"2":{"loc":{"start":{"line":58,"column":4},"end":{"line":61,"column":5}},"type":"if","locations":[{"start":{"line":58,"column":4},"end":{"line":61,"column":5}},{"start":{"line":58,"column":4},"end":{"line":61,"column":5}}],"line":58},"3":{"loc":{"start":{"line":67,"column":15},"end":{"line":67,"column":78}},"type":"cond-expr","locations":[{"start":{"line":67,"column":38},"end":{"line":67,"column":54}},{"start":{"line":67,"column":57},"end":{"line":67,"column":78}}],"line":67},"4":{"loc":{"start":{"line":68,"column":4},"end":{"line":71,"column":5}},"type":"if","locations":[{"start":{"line":68,"column":4},"end":{"line":71,"column":5}},{"start":{"line":68,"column":4},"end":{"line":71,"column":5}}],"line":68},"5":{"loc":{"start":{"line":78,"column":4},"end":{"line":81,"column":5}},"type":"if","locations":[{"start":{"line":78,"column":4},"end":{"line":81,"column":5}},{"start":{"line":78,"column":4},"end":{"line":81,"column":5}}],"line":78},"6":{"loc":{"start":{"line":88,"column":4},"end":{"line":91,"column":5}},"type":"if","locations":[{"start":{"line":88,"column":4},"end":{"line":91,"column":5}},{"start":{"line":88,"column":4},"end":{"line":91,"column":5}}],"line":88},"7":{"loc":{"start":{"line":99,"column":4},"end":{"line":102,"column":5}},"type":"if","locations":[{"start":{"line":99,"column":4},"end":{"line":102,"column":5}},{"start":{"line":99,"column":4},"end":{"line":102,"column":5}}],"line":99},"8":{"loc":{"start":{"line":109,"column":2},"end":{"line":112,"column":3}},"type":"if","locations":[{"start":{"line":109,"column":2},"end":{"line":112,"column":3}},{"start":{"line":109,"column":2},"end":{"line":112,"column":3}}],"line":109},"9":{"loc":{"start":{"line":120,"column":4},"end":{"line":127,"column":3}},"type":"if","locations":[{"start":{"line":120,"column":4},"end":{"line":127,"column":3}},{"start":{"line":120,"column":4},"end":{"line":127,"column":3}}],"line":120},"10":{"loc":{"start":{"line":135,"column":4},"end":{"line":139,"column":5}},"type":"if","locations":[{"start":{"line":135,"column":4},"end":{"line":139,"column":5}},{"start":{"line":135,"column":4},"end":{"line":139,"column":5}}],"line":135},"11":{"loc":{"start":{"line":146,"column":4},"end":{"line":150,"column":5}},"type":"if","locations":[{"start":{"line":146,"column":4},"end":{"line":150,"column":5}},{"start":{"line":146,"column":4},"end":{"line":150,"column":5}}],"line":146}},"s":{"0":3,"1":3,"2":3,"3":3,"4":3,"5":0,"6":0,"7":3,"8":0,"9":0,"10":0,"11":0,"12":0,"13":0,"14":0,"15":0,"16":0,"17":0,"18":0,"19":0,"20":0,"21":0,"22":0,"23":0,"24":0,"25":0,"26":0,"27":0,"28":0,"29":0,"30":0,"31":0,"32":0,"33":0,"34":0,"35":0,"36":0,"37":0,"38":0,"39":0,"40":0,"41":3,"42":0,"43":0,"44":0,"45":0,"46":3,"47":0,"48":0,"49":0,"50":0,"51":3,"52":0,"53":0,"54":0,"55":0,"56":0},"f":{"0":0,"1":0,"2":0,"3":0,"4":0,"5":0,"6":0,"7":0,"8":0,"9":0,"10":0,"11":0,"12":0,"13":0,"14":0,"15":0},"b":{"0":[0,0],"1":[0,0],"2":[0,0],"3":[0,0],"4":[0,0],"5":[0,0],"6":[0,0],"7":[0,0],"8":[0,0],"9":[0,0],"10":[0,0],"11":[0,0]},"_coverageSchema":"1a1c01bbd47fc00a2c39e90264f33305004495a9","hash":"ab82bc544317df683ea4f8e5388a5c91ffc626eb"}
,"/media/sathira/DE18E8D318E8AC29/accedemic/accedemic_latest/project/e16-3yp-smart-payment-system/Backends/Local Server/src/validations/CardValidation.js": {"path":"/media/sathira/DE18E8D318E8AC29/accedemic/accedemic_latest/project/e16-3yp-smart-payment-system/Backends/Local Server/src/validations/CardValidation.js","statementMap":{"0":{"start":{"line":2,"column":12},"end":{"line":2,"column":26}},"1":{"start":{"line":4,"column":0},"end":{"line":68,"column":3}},"2":{"start":{"line":51,"column":6},"end":{"line":66,"column":7}},"3":{"start":{"line":53,"column":23},"end":{"line":53,"column":48}},"4":{"start":{"line":55,"column":8},"end":{"line":65,"column":9}},"5":{"start":{"line":56,"column":10},"end":{"line":58,"column":12}},"6":{"start":{"line":60,"column":10},"end":{"line":62,"column":11}},"7":{"start":{"line":61,"column":12},"end":{"line":61,"column":26}},"8":{"start":{"line":63,"column":10},"end":{"line":63,"column":43}},"9":{"start":{"line":64,"column":10},"end":{"line":64,"column":17}}},"fnMap":{"0":{"name":"(anonymous_0)","decl":{"start":{"line":50,"column":19},"end":{"line":50,"column":20}},"loc":{"start":{"line":50,"column":31},"end":{"line":67,"column":5}},"line":50},"1":{"name":"(anonymous_1)","decl":{"start":{"line":51,"column":13},"end":{"line":51,"column":14}},"loc":{"start":{"line":51,"column":33},"end":{"line":66,"column":7}},"line":51}},"branchMap":{"0":{"loc":{"start":{"line":55,"column":8},"end":{"line":65,"column":9}},"type":"if","locations":[{"start":{"line":55,"column":8},"end":{"line":65,"column":9}},{"start":{"line":55,"column":8},"end":{"line":65,"column":9}}],"line":55},"1":{"loc":{"start":{"line":60,"column":10},"end":{"line":62,"column":11}},"type":"if","locations":[{"start":{"line":60,"column":10},"end":{"line":62,"column":11}},{"start":{"line":60,"column":10},"end":{"line":62,"column":11}}],"line":60}},"s":{"0":1,"1":1,"2":5,"3":0,"4":0,"5":0,"6":0,"7":0,"8":0,"9":0},"f":{"0":5,"1":0},"b":{"0":[0,0],"1":[0,0]},"_coverageSchema":"1a1c01bbd47fc00a2c39e90264f33305004495a9","hash":"6fc8233f324f1cf27681e41bb326bda3702d2399"}
,"/media/sathira/DE18E8D318E8AC29/accedemic/accedemic_latest/project/e16-3yp-smart-payment-system/Backends/Local Server/src/validations/NodeValidation.js": {"path":"/media/sathira/DE18E8D318E8AC29/accedemic/accedemic_latest/project/e16-3yp-smart-payment-system/Backends/Local Server/src/validations/NodeValidation.js","statementMap":{"0":{"start":{"line":2,"column":12},"end":{"line":2,"column":26}},"1":{"start":{"line":4,"column":0},"end":{"line":36,"column":3}},"2":{"start":{"line":19,"column":6},"end":{"line":34,"column":7}},"3":{"start":{"line":21,"column":23},"end":{"line":21,"column":48}},"4":{"start":{"line":23,"column":8},"end":{"line":33,"column":9}},"5":{"start":{"line":24,"column":10},"end":{"line":26,"column":12}},"6":{"start":{"line":28,"column":10},"end":{"line":30,"column":11}},"7":{"start":{"line":29,"column":12},"end":{"line":29,"column":26}},"8":{"start":{"line":31,"column":10},"end":{"line":31,"column":43}},"9":{"start":{"line":32,"column":10},"end":{"line":32,"column":17}}},"fnMap":{"0":{"name":"(anonymous_0)","decl":{"start":{"line":18,"column":19},"end":{"line":18,"column":20}},"loc":{"start":{"line":18,"column":31},"end":{"line":35,"column":5}},"line":18},"1":{"name":"(anonymous_1)","decl":{"start":{"line":19,"column":13},"end":{"line":19,"column":14}},"loc":{"start":{"line":19,"column":33},"end":{"line":34,"column":7}},"line":19}},"branchMap":{"0":{"loc":{"start":{"line":23,"column":8},"end":{"line":33,"column":9}},"type":"if","locations":[{"start":{"line":23,"column":8},"end":{"line":33,"column":9}},{"start":{"line":23,"column":8},"end":{"line":33,"column":9}}],"line":23},"1":{"loc":{"start":{"line":28,"column":10},"end":{"line":30,"column":11}},"type":"if","locations":[{"start":{"line":28,"column":10},"end":{"line":30,"column":11}},{"start":{"line":28,"column":10},"end":{"line":30,"column":11}}],"line":28}},"s":{"0":1,"1":1,"2":0,"3":0,"4":0,"5":0,"6":0,"7":0,"8":0,"9":0},"f":{"0":0,"1":0},"b":{"0":[0,0],"1":[0,0]},"_coverageSchema":"1a1c01bbd47fc00a2c39e90264f33305004495a9","hash":"895b60a4adbbbf82f3f2888cf607e3815c83219a"}
,"/media/sathira/DE18E8D318E8AC29/accedemic/accedemic_latest/project/e16-3yp-smart-payment-system/Backends/Local Server/src/validations/employee.validation.js": {"path":"/media/sathira/DE18E8D318E8AC29/accedemic/accedemic_latest/project/e16-3yp-smart-payment-system/Backends/Local Server/src/validations/employee.validation.js","statementMap":{"0":{"start":{"line":1,"column":12},"end":{"line":1,"column":26}},"1":{"start":{"line":3,"column":14},"end":{"line":5,"column":3}},"2":{"start":{"line":7,"column":0},"end":{"line":53,"column":1}},"3":{"start":{"line":38,"column":4},"end":{"line":51,"column":5}},"4":{"start":{"line":39,"column":21},"end":{"line":39,"column":46}},"5":{"start":{"line":40,"column":6},"end":{"line":50,"column":7}},"6":{"start":{"line":41,"column":8},"end":{"line":43,"column":10}},"7":{"start":{"line":45,"column":8},"end":{"line":47,"column":9}},"8":{"start":{"line":46,"column":10},"end":{"line":46,"column":24}},"9":{"start":{"line":48,"column":8},"end":{"line":48,"column":41}},"10":{"start":{"line":49,"column":8},"end":{"line":49,"column":15}}},"fnMap":{"0":{"name":"(anonymous_0)","decl":{"start":{"line":37,"column":17},"end":{"line":37,"column":18}},"loc":{"start":{"line":37,"column":29},"end":{"line":52,"column":3}},"line":37},"1":{"name":"(anonymous_1)","decl":{"start":{"line":38,"column":11},"end":{"line":38,"column":12}},"loc":{"start":{"line":38,"column":31},"end":{"line":51,"column":5}},"line":38}},"branchMap":{"0":{"loc":{"start":{"line":40,"column":6},"end":{"line":50,"column":7}},"type":"if","locations":[{"start":{"line":40,"column":6},"end":{"line":50,"column":7}},{"start":{"line":40,"column":6},"end":{"line":50,"column":7}}],"line":40},"1":{"loc":{"start":{"line":45,"column":8},"end":{"line":47,"column":9}},"type":"if","locations":[{"start":{"line":45,"column":8},"end":{"line":47,"column":9}},{"start":{"line":45,"column":8},"end":{"line":47,"column":9}}],"line":45}},"s":{"0":1,"1":1,"2":1,"3":0,"4":0,"5":0,"6":0,"7":0,"8":0,"9":0,"10":0},"f":{"0":0,"1":0},"b":{"0":[0,0],"1":[0,0]},"_coverageSchema":"1a1c01bbd47fc00a2c39e90264f33305004495a9","hash":"f9ee5867b31d03e1cb84abac67568f283a766ae8"}
,"/media/sathira/DE18E8D318E8AC29/accedemic/accedemic_latest/project/e16-3yp-smart-payment-system/Backends/Local Server/tests/mocks/mockups.js": {"path":"/media/sathira/DE18E8D318E8AC29/accedemic/accedemic_latest/project/e16-3yp-smart-payment-system/Backends/Local Server/tests/mocks/mockups.js","statementMap":{"0":{"start":{"line":1,"column":0},"end":{"line":18,"column":1}},"1":{"start":{"line":3,"column":20},"end":{"line":3,"column":22}},"2":{"start":{"line":4,"column":8},"end":{"line":4,"column":49}},"3":{"start":{"line":5,"column":8},"end":{"line":5,"column":52}},"4":{"start":{"line":6,"column":8},"end":{"line":6,"column":51}},"5":{"start":{"line":7,"column":8},"end":{"line":7,"column":18}},"6":{"start":{"line":10,"column":20},"end":{"line":10,"column":22}},"7":{"start":{"line":11,"column":8},"end":{"line":11,"column":49}},"8":{"start":{"line":12,"column":8},"end":{"line":12,"column":51}},"9":{"start":{"line":13,"column":8},"end":{"line":13,"column":49}},"10":{"start":{"line":14,"column":8},"end":{"line":14,"column":18}},"11":{"start":{"line":16,"column":21},"end":{"line":16,"column":30}}},"fnMap":{"0":{"name":"(anonymous_0)","decl":{"start":{"line":2,"column":18},"end":{"line":2,"column":19}},"loc":{"start":{"line":2,"column":24},"end":{"line":8,"column":5}},"line":2},"1":{"name":"(anonymous_1)","decl":{"start":{"line":9,"column":19},"end":{"line":9,"column":20}},"loc":{"start":{"line":9,"column":25},"end":{"line":15,"column":5}},"line":9},"2":{"name":"(anonymous_2)","decl":{"start":{"line":16,"column":15},"end":{"line":16,"column":16}},"loc":{"start":{"line":16,"column":21},"end":{"line":16,"column":30}},"line":16}},"branchMap":{},"s":{"0":2,"1":27,"2":27,"3":27,"4":27,"5":27,"6":27,"7":27,"8":27,"9":27,"10":27,"11":27},"f":{"0":27,"1":27,"2":27},"b":{},"_coverageSchema":"1a1c01bbd47fc00a2c39e90264f33305004495a9","hash":"1fbaa3c00be8a5f4cfda4d445ea4a7e1b2c277de"}
}
